[2024-04-09T08:36:18.919+0000] {local_task_job_runner.py:120} INFO - ::group::Pre task execution logs
[2024-04-09T08:36:18.986+0000] {taskinstance.py:2073} INFO - Dependencies all met for dep_context=non-requeueable deps ti=<TaskInstance: dag_1.create_about_us_file manual__2024-04-09T08:35:51.708780+00:00 [queued]>
[2024-04-09T08:36:19.006+0000] {taskinstance.py:2073} INFO - Dependencies all met for dep_context=requeueable deps ti=<TaskInstance: dag_1.create_about_us_file manual__2024-04-09T08:35:51.708780+00:00 [queued]>
[2024-04-09T08:36:19.007+0000] {taskinstance.py:2303} INFO - Starting attempt 1 of 2
[2024-04-09T08:36:19.061+0000] {taskinstance.py:2327} INFO - Executing <Task(BashOperator): create_about_us_file> on 2024-04-09 08:35:51.708780+00:00
[2024-04-09T08:36:19.080+0000] {warnings.py:110} WARNING - /home/***/.local/lib/python3.12/site-packages/***/task/task_runner/standard_task_runner.py:61: DeprecationWarning: This process (pid=588) is multi-threaded, use of fork() may lead to deadlocks in the child.
  pid = os.fork()

[2024-04-09T08:36:19.083+0000] {standard_task_runner.py:63} INFO - Started process 590 to run task
[2024-04-09T08:36:19.082+0000] {standard_task_runner.py:90} INFO - Running: ['***', 'tasks', 'run', 'dag_1', 'create_about_us_file', 'manual__2024-04-09T08:35:51.708780+00:00', '--job-id', '4', '--raw', '--subdir', 'DAGS_FOLDER/dag-1.py', '--cfg-path', '/tmp/tmp1904wr7l']
[2024-04-09T08:36:19.086+0000] {standard_task_runner.py:91} INFO - Job 4: Subtask create_about_us_file
[2024-04-09T08:36:19.191+0000] {task_command.py:426} INFO - Running <TaskInstance: dag_1.create_about_us_file manual__2024-04-09T08:35:51.708780+00:00 [running]> on host b6bc23c6abe9
[2024-04-09T08:36:19.475+0000] {taskinstance.py:2644} INFO - Exporting env vars: AIRFLOW_CTX_DAG_OWNER='***' AIRFLOW_CTX_DAG_ID='dag_1' AIRFLOW_CTX_TASK_ID='create_about_us_file' AIRFLOW_CTX_EXECUTION_DATE='2024-04-09T08:35:51.708780+00:00' AIRFLOW_CTX_TRY_NUMBER='1' AIRFLOW_CTX_DAG_RUN_ID='manual__2024-04-09T08:35:51.708780+00:00'
[2024-04-09T08:36:19.480+0000] {taskinstance.py:430} INFO - ::endgroup::
[2024-04-09T08:36:19.483+0000] {subprocess.py:63} INFO - Tmp dir root location: /tmp
[2024-04-09T08:36:19.486+0000] {subprocess.py:75} INFO - Running command: ['/usr/bin/bash', '-c', 'touch about_us/about.txt && echo "hello ***" && echo "done!"']
[2024-04-09T08:36:19.536+0000] {subprocess.py:86} INFO - Output:
[2024-04-09T08:36:19.631+0000] {subprocess.py:93} INFO - touch: cannot touch 'about_us/about.txt': No such file or directory
[2024-04-09T08:36:19.637+0000] {subprocess.py:97} INFO - Command exited with return code 1
[2024-04-09T08:36:19.641+0000] {taskinstance.py:441} INFO - ::group::Post task execution logs
[2024-04-09T08:36:19.702+0000] {taskinstance.py:2890} ERROR - Task failed with exception
Traceback (most recent call last):
  File "/home/airflow/.local/lib/python3.12/site-packages/airflow/models/taskinstance.py", line 465, in _execute_task
    result = _execute_callable(context=context, **execute_callable_kwargs)
             ^^^^^^^^^^^^^^^^^^^^^^^^^^^^^^^^^^^^^^^^^^^^^^^^^^^^^^^^^^^^^
  File "/home/airflow/.local/lib/python3.12/site-packages/airflow/models/taskinstance.py", line 432, in _execute_callable
    return execute_callable(context=context, **execute_callable_kwargs)
           ^^^^^^^^^^^^^^^^^^^^^^^^^^^^^^^^^^^^^^^^^^^^^^^^^^^^^^^^^^^^
  File "/home/airflow/.local/lib/python3.12/site-packages/airflow/models/baseoperator.py", line 400, in wrapper
    return func(self, *args, **kwargs)
           ^^^^^^^^^^^^^^^^^^^^^^^^^^^
  File "/home/airflow/.local/lib/python3.12/site-packages/airflow/operators/bash.py", line 243, in execute
    raise AirflowException(
airflow.exceptions.AirflowException: Bash command failed. The command returned a non-zero exit code 1.
[2024-04-09T08:36:19.738+0000] {taskinstance.py:1205} INFO - Marking task as UP_FOR_RETRY. dag_id=dag_1, task_id=create_about_us_file, execution_date=20240409T083551, start_date=20240409T083618, end_date=20240409T083619
[2024-04-09T08:36:19.801+0000] {standard_task_runner.py:110} ERROR - Failed to execute job 4 for task create_about_us_file (Bash command failed. The command returned a non-zero exit code 1.; 590)
[2024-04-09T08:36:19.848+0000] {local_task_job_runner.py:240} INFO - Task exited with return code 1
[2024-04-09T08:36:19.921+0000] {taskinstance.py:3482} INFO - 0 downstream tasks scheduled from follow-on schedule check
[2024-04-09T08:36:19.925+0000] {local_task_job_runner.py:222} INFO - ::endgroup::
