[2024-04-09T10:06:28.856+0000] {local_task_job_runner.py:120} INFO - ::group::Pre task execution logs
[2024-04-09T10:06:28.903+0000] {taskinstance.py:2073} INFO - Dependencies all met for dep_context=non-requeueable deps ti=<TaskInstance: dag_1.create_about_us_about_txt_file manual__2024-04-09T10:06:05.212813+00:00 [queued]>
[2024-04-09T10:06:28.920+0000] {taskinstance.py:2073} INFO - Dependencies all met for dep_context=requeueable deps ti=<TaskInstance: dag_1.create_about_us_about_txt_file manual__2024-04-09T10:06:05.212813+00:00 [queued]>
[2024-04-09T10:06:28.921+0000] {taskinstance.py:2303} INFO - Starting attempt 1 of 2
[2024-04-09T10:06:28.948+0000] {taskinstance.py:2327} INFO - Executing <Task(BashOperator): create_about_us_about_txt_file> on 2024-04-09 10:06:05.212813+00:00
[2024-04-09T10:06:28.965+0000] {warnings.py:110} WARNING - /home/***/.local/lib/python3.12/site-packages/***/task/task_runner/standard_task_runner.py:61: DeprecationWarning: This process (pid=1703) is multi-threaded, use of fork() may lead to deadlocks in the child.
  pid = os.fork()

[2024-04-09T10:06:28.970+0000] {standard_task_runner.py:63} INFO - Started process 1706 to run task
[2024-04-09T10:06:28.970+0000] {standard_task_runner.py:90} INFO - Running: ['***', 'tasks', 'run', 'dag_1', 'create_about_us_about_txt_file', 'manual__2024-04-09T10:06:05.212813+00:00', '--job-id', '24', '--raw', '--subdir', 'DAGS_FOLDER/dag-1.py', '--cfg-path', '/tmp/tmp90uotpzt']
[2024-04-09T10:06:28.993+0000] {standard_task_runner.py:91} INFO - Job 24: Subtask create_about_us_about_txt_file
[2024-04-09T10:06:29.173+0000] {task_command.py:426} INFO - Running <TaskInstance: dag_1.create_about_us_about_txt_file manual__2024-04-09T10:06:05.212813+00:00 [running]> on host b6bc23c6abe9
[2024-04-09T10:06:29.476+0000] {taskinstance.py:2644} INFO - Exporting env vars: AIRFLOW_CTX_DAG_OWNER='***' AIRFLOW_CTX_DAG_ID='dag_1' AIRFLOW_CTX_TASK_ID='create_about_us_about_txt_file' AIRFLOW_CTX_EXECUTION_DATE='2024-04-09T10:06:05.212813+00:00' AIRFLOW_CTX_TRY_NUMBER='1' AIRFLOW_CTX_DAG_RUN_ID='manual__2024-04-09T10:06:05.212813+00:00'
[2024-04-09T10:06:29.481+0000] {taskinstance.py:430} INFO - ::endgroup::
[2024-04-09T10:06:29.488+0000] {subprocess.py:63} INFO - Tmp dir root location: /tmp
[2024-04-09T10:06:29.491+0000] {subprocess.py:75} INFO - Running command: ['/usr/bin/bash', '-c', 'touch about_us/about.txt']
[2024-04-09T10:06:29.594+0000] {subprocess.py:86} INFO - Output:
[2024-04-09T10:06:29.623+0000] {subprocess.py:93} INFO - touch: cannot touch 'about_us/about.txt': No such file or directory
[2024-04-09T10:06:29.627+0000] {subprocess.py:97} INFO - Command exited with return code 1
[2024-04-09T10:06:29.635+0000] {taskinstance.py:441} INFO - ::group::Post task execution logs
[2024-04-09T10:06:29.705+0000] {taskinstance.py:2890} ERROR - Task failed with exception
Traceback (most recent call last):
  File "/home/airflow/.local/lib/python3.12/site-packages/airflow/models/taskinstance.py", line 465, in _execute_task
    result = _execute_callable(context=context, **execute_callable_kwargs)
             ^^^^^^^^^^^^^^^^^^^^^^^^^^^^^^^^^^^^^^^^^^^^^^^^^^^^^^^^^^^^^
  File "/home/airflow/.local/lib/python3.12/site-packages/airflow/models/taskinstance.py", line 432, in _execute_callable
    return execute_callable(context=context, **execute_callable_kwargs)
           ^^^^^^^^^^^^^^^^^^^^^^^^^^^^^^^^^^^^^^^^^^^^^^^^^^^^^^^^^^^^
  File "/home/airflow/.local/lib/python3.12/site-packages/airflow/models/baseoperator.py", line 400, in wrapper
    return func(self, *args, **kwargs)
           ^^^^^^^^^^^^^^^^^^^^^^^^^^^
  File "/home/airflow/.local/lib/python3.12/site-packages/airflow/operators/bash.py", line 243, in execute
    raise AirflowException(
airflow.exceptions.AirflowException: Bash command failed. The command returned a non-zero exit code 1.
[2024-04-09T10:06:29.738+0000] {taskinstance.py:1205} INFO - Marking task as UP_FOR_RETRY. dag_id=dag_1, task_id=create_about_us_about_txt_file, execution_date=20240409T100605, start_date=20240409T100628, end_date=20240409T100629
[2024-04-09T10:06:29.842+0000] {standard_task_runner.py:110} ERROR - Failed to execute job 24 for task create_about_us_about_txt_file (Bash command failed. The command returned a non-zero exit code 1.; 1706)
[2024-04-09T10:06:29.976+0000] {local_task_job_runner.py:240} INFO - Task exited with return code 1
[2024-04-09T10:06:30.032+0000] {taskinstance.py:3482} INFO - 0 downstream tasks scheduled from follow-on schedule check
[2024-04-09T10:06:30.036+0000] {local_task_job_runner.py:222} INFO - ::endgroup::
